[debug] [2025-01-29T16:48:49.886Z] ----------------------------------------------------------------------
[debug] [2025-01-29T16:48:49.889Z] Command:       C:\Program Files\nodejs\node.exe C:\Users\josen\AppData\Roaming\npm\node_modules\firebase-tools\lib\bin\firebase.js init
[debug] [2025-01-29T16:48:49.890Z] CLI Version:   13.29.2
[debug] [2025-01-29T16:48:49.890Z] Platform:      win32
[debug] [2025-01-29T16:48:49.890Z] Node Version:  v20.15.0
[debug] [2025-01-29T16:48:49.890Z] Time:          Wed Jan 29 2025 13:48:49 GMT-0300 (Horário Padrão de Brasília)
[debug] [2025-01-29T16:48:49.890Z] ----------------------------------------------------------------------
[debug] 
[debug] [2025-01-29T16:48:49.895Z] >>> [apiv2][query] GET https://firebase-public.firebaseio.com/cli.json [none]
[debug] [2025-01-29T16:48:50.206Z] > command requires scopes: ["email","openid","https://www.googleapis.com/auth/cloudplatformprojects.readonly","https://www.googleapis.com/auth/firebase","https://www.googleapis.com/auth/cloud-platform"]
[debug] [2025-01-29T16:48:50.206Z] > authorizing via signed-in user (josenildo.acanuto@gmail.com)
[info] 
     ######## #### ########  ######## ########     ###     ######  ########
     ##        ##  ##     ## ##       ##     ##  ##   ##  ##       ##
     ######    ##  ########  ######   ########  #########  ######  ######
     ##        ##  ##    ##  ##       ##     ## ##     ##       ## ##
     ##       #### ##     ## ######## ########  ##     ##  ######  ########

You're about to initialize a Firebase project in this directory:

  C:\Users\josen\superchat

Before we get started, keep in mind:

  * You are initializing within an existing Firebase project directory

[debug] [2025-01-29T16:48:50.881Z] <<< [apiv2][status] GET https://firebase-public.firebaseio.com/cli.json 200
[debug] [2025-01-29T16:48:50.881Z] <<< [apiv2][body] GET https://firebase-public.firebaseio.com/cli.json {"cloudBuildErrorAfter":1594252800000,"cloudBuildWarnAfter":1590019200000,"defaultNode10After":1594252800000,"minVersion":"3.0.5","node8DeploysDisabledAfter":1613390400000,"node8RuntimeDisabledAfter":1615809600000,"node8WarnAfter":1600128000000}
